0001_0028_0033_0052_0052.jpg 1 28 33 52 52
0002_0145_0152_0047_0047.jpg 1 145 152 47 47
0003_0328_0136_0084_0084.jpg 1 328 136 84 84
0004_0009_0013_0034_0034.jpg 1 9 13 34 34
0005_0014_0032_0051_0051.jpg 1 14 32 51 51
0006_0218_0086_0047_0047.jpg 1 218 86 47 47
0007_0011_0008_0063_0063.jpg 1 11 8 63 63
0008_0412_0116_0180_0180.jpg 1 412 116 180 180
0009_0024_0013_0061_0061.jpg 1 24 13 61 61
0010_0132_0079_0221_0221.jpg 1 132 79 221 221
0011_0164_0059_0050_0050.jpg 1 164 59 50 50
0012_0192_0070_0186_0186.jpg 1 192 70 186 186
0013_0071_0167_0177_0177.jpg 1 71 167 177 177
0014_0080_0028_0035_0035.jpg 1 80 28 35 35
0015_0033_0206_0034_0034.jpg 1 33 206 34 34
0016_0125_0117_0189_0189.jpg 1 125 117 189 189
0017_0013_0026_0046_0046.jpg 1 13 26 46 46
0018_0291_0022_0161_0161.jpg 1 291 22 161 161
0019_0011_0021_0043_0043.jpg 1 11 21 43 43
0020_0031_0042_0052_0052.jpg 1 31 42 52 52
0021_0063_0088_0098_0098.jpg 1 63 88 98 98
0022_0047_0081_0038_0038.jpg 1 47 81 38 38
0023_0013_0064_0026_0026.jpg 1 13 64 26 26
0024_0120_0065_0191_0191.jpg 1 120 65 191 191
0025_0074_0099_0081_0081.jpg 1 74 99 81 81
0026_0022_0019_0029_0029.jpg 1 22 19 29 29
0027_0493_0011_0059_0059.jpg 1 493 11 59 59
0028_0136_0156_0082_0082.jpg 1 136 156 82 82
0029_0009_0019_0065_0065.jpg 1 9 19 65 65
0030_0036_0027_0038_0038.jpg 1 36 27 38 38
0031_0029_0016_0038_0038.jpg 1 29 16 38 38
0032_0135_0113_0147_0147.jpg 1 135 113 147 147
0033_0134_0168_0136_0136.jpg 1 134 168 136 136
0034_0034_0003_0025_0025.jpg 1 34 3 25 25
0035_0339_0104_0095_0095.jpg 1 339 104 95 95
0036_0046_0029_0180_0180.jpg 1 46 29 180 180
0037_0338_0137_0095_0095.jpg 1 338 137 95 95
0038_0049_0081_0167_0167.jpg 1 49 81 167 167
0039_0013_0021_0068_0068.jpg 1 13 21 68 68
0040_0010_0015_0067_0067.jpg 1 10 15 67 67
0041_0111_0073_0195_0195.jpg 1 111 73 195 195
0042_0051_0057_0033_0033.jpg 1 51 57 33 33
0043_0247_0144_0096_0096.jpg 1 247 144 96 96
0044_0220_0078_0076_0076.jpg 1 220 78 76 76
0045_0015_0035_0028_0028.jpg 1 15 35 28 28
0046_0097_0014_0025_0025.jpg 1 97 14 25 25
0047_0012_0004_0064_0064.jpg 1 12 4 64 64
0048_0062_0007_0028_0028.jpg 1 62 7 28 28
0049_0056_0017_0028_0028.jpg 1 56 17 28 28
0050_0067_0039_0227_0227.jpg 1 67 39 227 227
0051_0220_0264_0036_0036.jpg 1 220 264 36 36
0052_0068_0051_0203_0203.jpg 1 68 51 203 203
0053_0056_0060_0232_0232.jpg 1 56 60 232 232
0054_0038_0024_0050_0050.jpg 1 38 24 50 50
0055_0163_0068_0030_0030.jpg 1 163 68 30 30
0056_0284_0091_0078_0078.jpg 1 284 91 78 78
0057_0226_0070_0054_0054.jpg 1 226 70 54 54
0058_0175_0135_0030_0030.jpg 1 175 135 30 30
0059_0007_0016_0027_0027.jpg 1 7 16 27 27
0060_0183_0240_0039_0039.jpg 1 183 240 39 39
0061_0051_0053_0130_0130.jpg 1 51 53 130 130
0062_0299_0048_0097_0097.jpg 1 299 48 97 97
0063_0193_0018_0217_0217.jpg 1 193 18 217 217
0064_0009_0033_0060_0060.jpg 1 9 33 60 60
0065_0050_0048_0038_0038.jpg 1 50 48 38 38
0066_0385_0126_0049_0049.jpg 1 385 126 49 49
0067_0026_0031_0025_0025.jpg 1 26 31 25 25
0068_0028_0154_0067_0067.jpg 1 28 154 67 67
0069_0118_0101_0093_0093.jpg 1 118 101 93 93
0070_0170_0249_0097_0097.jpg 1 170 249 97 97
0071_0042_0045_0036_0036.jpg 1 42 45 36 36
0072_0277_0073_0132_0132.jpg 1 277 73 132 132
0073_0226_0042_0175_0175.jpg 1 226 42 175 175
0074_0018_0014_0028_0028.jpg 1 18 14 28 28
0075_0276_0069_0102_0102.jpg 1 276 69 102 102
0076_0032_0040_0029_0029.jpg 1 32 40 29 29
0077_0002_0048_0029_0029.jpg 1 2 48 29 29
0078_0133_0053_0025_0025.jpg 1 133 53 25 25
0079_0007_0021_0060_0060.jpg 1 7 21 60 60
0080_0024_0019_0036_0036.jpg 1 24 19 36 36
0081_0031_0092_0097_0097.jpg 1 31 92 97 97
0082_0107_0118_0235_0235.jpg 1 107 118 235 235
0083_0036_0024_0024_0024.jpg 1 36 24 24 24
0084_0056_0042_0032_0032.jpg 1 56 42 32 32
0085_0034_0003_0042_0042.jpg 1 34 3 42 42
0086_0018_0119_0027_0027.jpg 1 18 119 27 27
0087_0082_0234_0043_0043.jpg 1 82 234 43 43
0088_0303_0110_0234_0234.jpg 1 303 110 234 234
0089_0021_0012_0062_0062.jpg 1 21 12 62 62
0090_0030_0015_0036_0036.jpg 1 30 15 36 36
0092_0008_0018_0024_0024.jpg 1 8 18 24 24
0093_0305_0045_0154_0154.jpg 1 305 45 154 154
0094_0054_0019_0034_0034.jpg 1 54 19 34 34
0095_0207_0102_0180_0180.jpg 1 207 102 180 180
0096_0110_0137_0033_0033.jpg 1 110 137 33 33
0097_0025_0033_0059_0059.jpg 1 25 33 59 59
0098_0129_0094_0170_0170.jpg 1 129 94 170 170
0099_0057_0028_0089_0089.jpg 1 57 28 89 89
0100_0155_0083_0146_0146.jpg 1 155 83 146 146
0101_0024_0009_0057_0057.jpg 1 24 9 57 57
0102_0122_0267_0054_0054.jpg 1 122 267 54 54
0103_0268_0231_0071_0071.jpg 1 268 231 71 71
0104_0187_0190_0045_0045.jpg 1 187 190 45 45
0105_0007_0022_0063_0063.jpg 1 7 22 63 63
0106_0159_0068_0207_0207.jpg 1 159 68 207 207
0107_0030_0004_0057_0057.jpg 1 30 4 57 57
0108_0045_0098_0184_0184.jpg 1 45 98 184 184
0109_0011_0041_0041_0041.jpg 1 11 41 41 41
0110_0023_0030_0059_0059.jpg 1 23 30 59 59
0111_0160_0248_0172_0172.jpg 1 160 248 172 172
0112_0103_0111_0113_0113.jpg 1 103 111 113 113
0113_0139_0125_0225_0225.jpg 1 139 125 225 225
0114_0309_0164_0149_0149.jpg 1 309 164 149 149
0115_0009_0020_0037_0037.jpg 1 9 20 37 37
0116_0181_0157_0140_0140.jpg 1 181 157 140 140
0117_0225_0036_0125_0125.jpg 1 225 36 125 125
0119_0030_0032_0058_0058.jpg 1 30 32 58 58
0120_0007_0028_0032_0032.jpg 1 7 28 32 32
0121_0124_0114_0170_0170.jpg 1 124 114 170 170
0122_0088_0025_0031_0031.jpg 1 88 25 31 31
0123_0156_0123_0164_0164.jpg 1 156 123 164 164
0124_0073_0011_0031_0031.jpg 1 73 11 31 31
0125_0064_0092_0228_0228.jpg 1 64 92 228 228
0126_0019_0014_0038_0038.jpg 1 19 14 38 38
0127_0040_0017_0031_0031.jpg 1 40 17 31 31
0128_0057_0173_0102_0102.jpg 1 57 173 102 102
0129_0019_0006_0050_0050.jpg 1 19 6 50 50
0130_0014_0007_0057_0057.jpg 1 14 7 57 57
0131_0015_0017_0029_0029.jpg 1 15 17 29 29
0132_0021_0010_0033_0033.jpg 1 21 10 33 33
0133_0016_0010_0053_0053.jpg 1 16 10 53 53
0134_0022_0039_0036_0036.jpg 1 22 39 36 36
0135_0024_0008_0031_0031.jpg 1 24 8 31 31
0136_0017_0006_0061_0061.jpg 1 17 6 61 61
0137_0171_0106_0046_0046.jpg 1 171 106 46 46
0138_0289_0058_0108_0108.jpg 1 289 58 108 108
0139_0025_0044_0032_0032.jpg 1 25 44 32 32
0140_0042_0019_0031_0031.jpg 1 42 19 31 31
0141_0270_0055_0146_0146.jpg 1 270 55 146 146
0142_0082_0042_0044_0044.jpg 1 82 42 44 44
0143_0071_0116_0196_0196.jpg 1 71 116 196 196
0144_0041_0028_0032_0032.jpg 1 41 28 32 32
0145_0009_0004_0027_0027.jpg 1 9 4 27 27
0146_0084_0171_0040_0040.jpg 1 84 171 40 40
0147_0024_0007_0062_0062.jpg 1 24 7 62 62
0148_0025_0041_0045_0045.jpg 1 25 41 45 45
0149_0041_0026_0048_0048.jpg 1 41 26 48 48
0150_0039_0026_0038_0038.jpg 1 39 26 38 38
0151_0037_0022_0069_0069.jpg 1 37 22 69 69
0152_0035_0013_0025_0025.jpg 1 35 13 25 25
0153_0199_0064_0136_0136.jpg 1 199 64 136 136
0154_0005_0037_0056_0056.jpg 1 5 37 56 56
0155_0016_0031_0035_0035.jpg 1 16 31 35 35
0156_0220_0044_0250_0250.jpg 1 220 44 250 250
0157_0204_0114_0126_0126.jpg 1 204 114 126 126
0158_0239_0070_0213_0213.jpg 1 239 70 213 213
0159_0022_0029_0028_0028.jpg 1 22 29 28 28
0160_0004_0030_0026_0026.jpg 1 4 30 26 26
0161_0006_0031_0062_0062.jpg 1 6 31 62 62
0162_0187_0109_0177_0177.jpg 1 187 109 177 177
0163_0017_0019_0066_0066.jpg 1 17 19 66 66
0164_0027_0126_0131_0131.jpg 1 27 126 131 131
0165_0092_0033_0204_0204.jpg 1 92 33 204 204
0167_0015_0039_0049_0049.jpg 1 15 39 49 49
0168_0127_0093_0106_0106.jpg 1 127 93 106 106
0169_0012_0006_0047_0047.jpg 1 12 6 47 47
0170_0154_0165_0051_0051.jpg 1 154 165 51 51
0171_0033_0010_0027_0027.jpg 1 33 10 27 27
0172_0022_0042_0048_0048.jpg 1 22 42 48 48
0173_0018_0005_0060_0060.jpg 1 18 5 60 60
0174_0024_0022_0062_0062.jpg 1 24 22 62 62
0175_0011_0016_0030_0030.jpg 1 11 16 30 30
0176_0028_0012_0031_0031.jpg 1 28 12 31 31
0177_0033_0021_0024_0024.jpg 1 33 21 24 24
0178_0030_0021_0049_0049.jpg 1 30 21 49 49
0179_0002_0009_0028_0028.jpg 1 2 9 28 28
0180_0018_0014_0066_0066.jpg 1 18 14 66 66
0181_0060_0022_0027_0027.jpg 1 60 22 27 27
0182_0015_0023_0051_0051.jpg 1 15 23 51 51
0183_0005_0027_0060_0060.jpg 1 5 27 60 60
0184_0123_0052_0251_0251.jpg 1 123 52 251 251
0185_0014_0041_0047_0047.jpg 1 14 41 47 47
0186_0009_0007_0048_0048.jpg 1 9 7 48 48
0187_0087_0039_0042_0042.jpg 1 87 39 42 42
0188_0271_0212_0054_0054.jpg 1 271 212 54 54
0189_0020_0016_0030_0030.jpg 1 20 16 30 30
0190_0101_0133_0206_0206.jpg 1 101 133 206 206
0191_0041_0010_0040_0040.jpg 1 41 10 40 40
0192_0125_0134_0060_0060.jpg 1 125 134 60 60
0193_0117_0082_0074_0074.jpg 1 117 82 74 74
0194_0242_0021_0157_0157.jpg 1 242 21 157 157
0195_0157_0080_0216_0216.jpg 1 157 80 216 216
0196_0144_0190_0169_0169.jpg 1 144 190 169 169
0197_0236_0045_0208_0208.jpg 1 236 45 208 208
0198_0037_0083_0136_0136.jpg 1 37 83 136 136
0199_0341_0083_0115_0115.jpg 1 341 83 115 115
0200_0075_0014_0040_0040.jpg 1 75 14 40 40
0201_0113_0129_0220_0220.jpg 1 113 129 220 220
0202_0060_0053_0156_0156.jpg 1 60 53 156 156
0203_0049_0158_0186_0186.jpg 1 49 158 186 186
0204_0017_0028_0029_0029.jpg 1 17 28 29 29
0205_0015_0013_0026_0026.jpg 1 15 13 26 26
0206_0006_0010_0027_0027.jpg 1 6 10 27 27
0207_0032_0027_0066_0066.jpg 1 32 27 66 66
0208_0141_0178_0029_0029.jpg 1 141 178 29 29
0209_0016_0015_0064_0064.jpg 1 16 15 64 64
0210_0018_0014_0032_0032.jpg 1 18 14 32 32
0211_0254_0184_0037_0037.jpg 1 254 184 37 37
0212_0288_0032_0128_0128.jpg 1 288 32 128 128
0213_0023_0024_0059_0059.jpg 1 23 24 59 59
0214_0023_0037_0025_0025.jpg 1 23 37 25 25
0215_0045_0024_0059_0059.jpg 1 45 24 59 59
0216_0016_0017_0029_0029.jpg 1 16 17 29 29
0217_0006_0033_0044_0044.jpg 1 6 33 44 44
0218_0068_0088_0168_0168.jpg 1 68 88 168 168
0219_0537_0232_0095_0095.jpg 1 537 232 95 95
0220_0068_0005_0026_0026.jpg 1 68 5 26 26
0221_0096_0056_0212_0212.jpg 1 96 56 212 212
0222_0046_0051_0083_0083.jpg 1 46 51 83 83
0223_0277_0112_0105_0105.jpg 1 277 112 105 105
0224_0043_0076_0042_0042.jpg 1 43 76 42 42
0225_0147_0020_0047_0047.jpg 1 147 20 47 47
0226_0123_0011_0031_0031.jpg 1 123 11 31 31
0227_0012_0041_0051_0051.jpg 1 12 41 51 51
0228_0043_0043_0046_0046.jpg 1 43 43 46 46
0229_0074_0046_0210_0210.jpg 1 74 46 210 210
0230_0194_0122_0186_0186.jpg 1 194 122 186 186
0231_0073_0313_0125_0125.jpg 1 73 313 125 125
0232_0037_0013_0057_0057.jpg 1 37 13 57 57
0233_0028_0024_0055_0055.jpg 1 28 24 55 55
0234_0029_0026_0058_0058.jpg 1 29 26 58 58
0235_0258_0110_0073_0073.jpg 1 258 110 73 73
0236_0204_0181_0122_0122.jpg 1 204 181 122 122
0237_0040_0020_0037_0037.jpg 1 40 20 37 37
0238_0025_0036_0052_0052.jpg 1 25 36 52 52
0239_0166_0141_0119_0119.jpg 1 166 141 119 119
0240_0158_0186_0087_0087.jpg 1 158 186 87 87
0241_0162_0026_0176_0176.jpg 1 162 26 176 176
0242_0007_0014_0025_0025.jpg 1 7 14 25 25
0243_0285_0085_0135_0135.jpg 1 285 85 135 135
0244_0051_0105_0218_0218.jpg 1 51 105 218 218
0245_0168_0073_0230_0230.jpg 1 168 73 230 230
0246_0014_0023_0050_0050.jpg 1 14 23 50 50
0247_0038_0114_0162_0162.jpg 1 38 114 162 162
0248_0244_0035_0025_0025.jpg 1 244 35 25 25
0249_0054_0117_0092_0092.jpg 1 54 117 92 92
0250_0507_0101_0073_0073.jpg 1 507 101 73 73
0251_0007_0001_0027_0027.jpg 1 7 1 27 27
0252_0202_0103_0217_0217.jpg 1 202 103 217 217
0253_0002_0029_0027_0027.jpg 1 2 29 27 27
0254_0028_0017_0041_0041.jpg 1 28 17 41 41
0255_0042_0011_0037_0037.jpg 1 42 11 37 37
0256_0016_0028_0066_0066.jpg 1 16 28 66 66
0257_0012_0034_0034_0034.jpg 1 12 34 34 34
0258_0046_0024_0034_0034.jpg 1 46 24 34 34
0259_0053_0009_0028_0028.jpg 1 53 9 28 28
0260_0035_0019_0241_0241.jpg 1 35 19 241 241
0261_0381_0070_0029_0029.jpg 1 381 70 29 29
0262_0147_0149_0164_0164.jpg 1 147 149 164 164
0263_0077_0261_0141_0141.jpg 1 77 261 141 141
0264_0021_0022_0056_0056.jpg 1 21 22 56 56
0265_0037_0035_0315_0315.jpg 1 37 35 315 315
0266_0046_0027_0047_0047.jpg 1 46 27 47 47
0267_0283_0100_0114_0114.jpg 1 283 100 114 114
0268_0047_0059_0027_0027.jpg 1 47 59 27 27
0269_0187_0114_0173_0173.jpg 1 187 114 173 173
0270_0133_0270_0056_0056.jpg 1 133 270 56 56
